{"time":"2025-04-14T21:42:35.562283+03:00","level":"INFO","source":{"function":"pvz/internal/handler.(*PvzHandler).HandleCreatePvz","file":"/Users/ingemari/Downloads/pvz/internal/handler/pvz.go","line":55},"msg":"SUCCESS CreatePVZ","id":"d4a31782-85e2-47eb-8a29-e253cfc6edd3"}
{"time":"2025-04-14T21:44:18.526272+03:00","level":"INFO","source":{"function":"pvz/internal/handler.(*PvzHandler).HandleCreatePvz","file":"/Users/ingemari/Downloads/pvz/internal/handler/pvz.go","line":55},"msg":"SUCCESS CreatePVZ","id":"bf558e99-d13e-40d4-a922-fcf1be777d83"}
{"time":"2025-04-14T21:45:29.516926+03:00","level":"INFO","source":{"function":"pvz/internal/handler.(*PvzHandler).HandleCreatePvz","file":"/Users/ingemari/Downloads/pvz/internal/handler/pvz.go","line":55},"msg":"SUCCESS CreatePVZ","id":"6df9fabc-69ea-4808-ad4f-810a07371071"}
{"time":"2025-04-14T21:47:29.739285+03:00","level":"INFO","source":{"function":"pvz/internal/handler.(*PvzHandler).HandleCreatePvz","file":"/Users/ingemari/Downloads/pvz/internal/handler/pvz.go","line":55},"msg":"SUCCESS CreatePVZ","id":"eaa9d151-be30-49b7-8fa0-837945b7364e"}
{"time":"2025-04-14T21:50:10.355694+03:00","level":"INFO","source":{"function":"pvz/internal/handler.(*PvzHandler).HandleCreatePvz","file":"/Users/ingemari/Downloads/pvz/internal/handler/pvz.go","line":55},"msg":"SUCCESS CreatePVZ","id":"0e92a53d-8242-48ec-a448-a5fe661693ed"}
{"time":"2025-04-14T21:50:21.555297+03:00","level":"INFO","source":{"function":"pvz/internal/handler.(*PvzHandler).HandleCreatePvz","file":"/Users/ingemari/Downloads/pvz/internal/handler/pvz.go","line":55},"msg":"SUCCESS CreatePVZ","id":"7b4b830f-58ab-47ad-ae6a-24cc32d06207"}
{"time":"2025-04-14T21:50:38.61788+03:00","level":"INFO","source":{"function":"pvz/internal/handler.(*PvzHandler).HandleCreatePvz","file":"/Users/ingemari/Downloads/pvz/internal/handler/pvz.go","line":55},"msg":"SUCCESS CreatePVZ","id":"bcdec166-4927-4a9b-b80a-97835c140fde"}
{"time":"2025-04-14T21:51:29.75867+03:00","level":"INFO","source":{"function":"pvz/internal/handler.(*PvzHandler).HandleCreatePvz","file":"/Users/ingemari/Downloads/pvz/internal/handler/pvz.go","line":55},"msg":"SUCCESS CreatePVZ","id":"e95bc081-c56a-45c1-91bb-2ee659eed751"}
{"time":"2025-04-14T21:53:33.479086+03:00","level":"INFO","source":{"function":"pvz/internal/handler.(*PvzHandler).HandleCreatePvz","file":"/Users/ingemari/Downloads/pvz/internal/handler/pvz.go","line":55},"msg":"SUCCESS CreatePVZ","id":"876ec603-fc37-4bb2-b3b7-6c556e522676"}
{"time":"2025-04-14T21:53:47.26413+03:00","level":"INFO","source":{"function":"pvz/internal/handler.(*PvzHandler).HandleCreatePvz","file":"/Users/ingemari/Downloads/pvz/internal/handler/pvz.go","line":55},"msg":"SUCCESS CreatePVZ","id":"a48d664e-f891-4a7c-b907-0085d4b5fbfa"}
{"time":"2025-04-14T21:54:39.294857+03:00","level":"INFO","source":{"function":"pvz/internal/handler.(*PvzHandler).HandleCreatePvz","file":"/Users/ingemari/Downloads/pvz/internal/handler/pvz.go","line":55},"msg":"SUCCESS CreatePVZ","id":"1e112157-b5df-4ca6-bd43-5b3ec7a15168"}
{"time":"2025-04-14T22:00:15.322244+03:00","level":"INFO","source":{"function":"pvz/internal/handler.(*PvzHandler).HandleCreatePvz","file":"/Users/ingemari/Downloads/pvz/internal/handler/pvz.go","line":55},"msg":"SUCCESS CreatePVZ","id":"8ca947b1-52d3-497e-9969-2d9d36b939fe"}
{"time":"2025-04-14T22:07:21.998085+03:00","level":"INFO","source":{"function":"pvz/internal/handler.(*PvzHandler).HandleCreatePvz","file":"/Users/ingemari/Downloads/pvz/internal/handler/pvz.go","line":55},"msg":"SUCCESS CreatePVZ","id":"50e7e6d7-010f-424d-9007-5ef2b43f7cd9"}
{"time":"2025-04-14T22:07:22.060822+03:00","level":"INFO","source":{"function":"pvz/internal/handler.(*AuthHandler).HandleRegister","file":"/Users/ingemari/Downloads/pvz/internal/handler/user.go","line":144},"msg":"SUCCESS REGISTER","user":"test@example.com"}
{"time":"2025-04-14T22:07:22.061029+03:00","level":"ERROR","source":{"function":"pvz/internal/handler.(*AuthHandler).HandleRegister","file":"/Users/ingemari/Downloads/pvz/internal/handler/user.go","line":107},"msg":"Fail email validations"}
{"time":"2025-04-14T22:07:22.061135+03:00","level":"ERROR","source":{"function":"pvz/internal/handler.(*AuthHandler).HandleRegister","file":"/Users/ingemari/Downloads/pvz/internal/handler/user.go","line":114},"msg":"Fail role validations"}
{"time":"2025-04-14T22:07:22.061234+03:00","level":"ERROR","source":{"function":"pvz/internal/handler.(*AuthHandler).HandleRegister","file":"/Users/ingemari/Downloads/pvz/internal/handler/user.go","line":121},"msg":"Fail pass validations"}
{"time":"2025-04-14T22:07:22.120082+03:00","level":"ERROR","source":{"function":"pvz/internal/handler.(*AuthHandler).HandleRegister","file":"/Users/ingemari/Downloads/pvz/internal/handler/user.go","line":137},"msg":"Failed to create user","user":"exists@example.com"}
{"time":"2025-04-14T22:07:22.120243+03:00","level":"INFO","source":{"function":"pvz/internal/handler.(*AuthHandler).HandleDummy","file":"/Users/ingemari/Downloads/pvz/internal/handler/user.go","line":91},"msg":"SUCCESS Dummy"}
{"time":"2025-04-14T22:07:22.120343+03:00","level":"INFO","source":{"function":"pvz/internal/handler.(*AuthHandler).HandleDummy","file":"/Users/ingemari/Downloads/pvz/internal/handler/user.go","line":91},"msg":"SUCCESS Dummy"}
{"time":"2025-04-14T22:07:22.120401+03:00","level":"ERROR","source":{"function":"pvz/internal/handler.(*AuthHandler).HandleDummy","file":"/Users/ingemari/Downloads/pvz/internal/handler/user.go","line":79},"msg":"Fail role validations"}
{"time":"2025-04-14T22:07:22.120545+03:00","level":"ERROR","source":{"function":"pvz/internal/handler.(*AuthHandler).HandleDummy","file":"/Users/ingemari/Downloads/pvz/internal/handler/user.go","line":86},"msg":"Fail dummy token"}
{"time":"2025-04-14T22:07:22.120708+03:00","level":"INFO","source":{"function":"pvz/internal/handler.(*AuthHandler).HandleLogin","file":"/Users/ingemari/Downloads/pvz/internal/handler/user.go","line":63},"msg":"SUCCESS LOGIN","user":"valid@example.com"}
{"time":"2025-04-14T22:07:22.120789+03:00","level":"ERROR","source":{"function":"pvz/internal/handler.(*AuthHandler).HandleLogin","file":"/Users/ingemari/Downloads/pvz/internal/handler/user.go","line":41},"msg":"Fail email validations LOGIN"}
{"time":"2025-04-14T22:07:22.120859+03:00","level":"ERROR","source":{"function":"pvz/internal/handler.(*AuthHandler).HandleLogin","file":"/Users/ingemari/Downloads/pvz/internal/handler/user.go","line":48},"msg":"Fail password validations LOGIN"}
{"time":"2025-04-14T22:07:22.121036+03:00","level":"ERROR","source":{"function":"pvz/internal/handler.(*AuthHandler).HandleLogin","file":"/Users/ingemari/Downloads/pvz/internal/handler/user.go","line":58},"msg":"Fail auth user LOGIN"}
{"time":"2025-04-14T22:12:36.289952+03:00","level":"INFO","source":{"function":"pvz/internal/handler.(*PvzHandler).HandleCreatePvz","file":"/Users/ingemari/Downloads/pvz/internal/handler/pvz.go","line":55},"msg":"SUCCESS CreatePVZ","id":"3e2a2458-fee0-4a67-a5df-8b62ec927975"}
{"time":"2025-04-14T22:12:36.349134+03:00","level":"INFO","source":{"function":"pvz/internal/handler.(*AuthHandler).HandleRegister","file":"/Users/ingemari/Downloads/pvz/internal/handler/user.go","line":144},"msg":"SUCCESS REGISTER","user":"test@example.com"}
{"time":"2025-04-14T22:12:36.349338+03:00","level":"ERROR","source":{"function":"pvz/internal/handler.(*AuthHandler).HandleRegister","file":"/Users/ingemari/Downloads/pvz/internal/handler/user.go","line":107},"msg":"Fail email validations"}
{"time":"2025-04-14T22:12:36.349427+03:00","level":"ERROR","source":{"function":"pvz/internal/handler.(*AuthHandler).HandleRegister","file":"/Users/ingemari/Downloads/pvz/internal/handler/user.go","line":114},"msg":"Fail role validations"}
{"time":"2025-04-14T22:12:36.349489+03:00","level":"ERROR","source":{"function":"pvz/internal/handler.(*AuthHandler).HandleRegister","file":"/Users/ingemari/Downloads/pvz/internal/handler/user.go","line":121},"msg":"Fail pass validations"}
{"time":"2025-04-14T22:12:36.406682+03:00","level":"ERROR","source":{"function":"pvz/internal/handler.(*AuthHandler).HandleRegister","file":"/Users/ingemari/Downloads/pvz/internal/handler/user.go","line":137},"msg":"Failed to create user","user":"exists@example.com"}
{"time":"2025-04-14T22:12:36.40691+03:00","level":"INFO","source":{"function":"pvz/internal/handler.(*AuthHandler).HandleDummy","file":"/Users/ingemari/Downloads/pvz/internal/handler/user.go","line":91},"msg":"SUCCESS Dummy"}
{"time":"2025-04-14T22:12:36.407008+03:00","level":"INFO","source":{"function":"pvz/internal/handler.(*AuthHandler).HandleDummy","file":"/Users/ingemari/Downloads/pvz/internal/handler/user.go","line":91},"msg":"SUCCESS Dummy"}
{"time":"2025-04-14T22:12:36.407054+03:00","level":"ERROR","source":{"function":"pvz/internal/handler.(*AuthHandler).HandleDummy","file":"/Users/ingemari/Downloads/pvz/internal/handler/user.go","line":79},"msg":"Fail role validations"}
{"time":"2025-04-14T22:12:36.407148+03:00","level":"ERROR","source":{"function":"pvz/internal/handler.(*AuthHandler).HandleDummy","file":"/Users/ingemari/Downloads/pvz/internal/handler/user.go","line":86},"msg":"Fail dummy token"}
{"time":"2025-04-14T22:12:36.407263+03:00","level":"INFO","source":{"function":"pvz/internal/handler.(*AuthHandler).HandleLogin","file":"/Users/ingemari/Downloads/pvz/internal/handler/user.go","line":63},"msg":"SUCCESS LOGIN","user":"valid@example.com"}
{"time":"2025-04-14T22:12:36.407321+03:00","level":"ERROR","source":{"function":"pvz/internal/handler.(*AuthHandler).HandleLogin","file":"/Users/ingemari/Downloads/pvz/internal/handler/user.go","line":41},"msg":"Fail email validations LOGIN"}
{"time":"2025-04-14T22:12:36.407391+03:00","level":"ERROR","source":{"function":"pvz/internal/handler.(*AuthHandler).HandleLogin","file":"/Users/ingemari/Downloads/pvz/internal/handler/user.go","line":48},"msg":"Fail password validations LOGIN"}
{"time":"2025-04-14T22:12:36.407482+03:00","level":"ERROR","source":{"function":"pvz/internal/handler.(*AuthHandler).HandleLogin","file":"/Users/ingemari/Downloads/pvz/internal/handler/user.go","line":58},"msg":"Fail auth user LOGIN"}
{"time":"2025-04-14T22:12:42.428145+03:00","level":"INFO","source":{"function":"pvz/internal/handler.(*PvzHandler).HandleCreatePvz","file":"/Users/ingemari/Downloads/pvz/internal/handler/pvz.go","line":55},"msg":"SUCCESS CreatePVZ","id":"5dc2d3f9-198a-467f-9bb6-1d07396597f3"}
{"time":"2025-04-14T22:12:42.492035+03:00","level":"INFO","source":{"function":"pvz/internal/handler.(*AuthHandler).HandleRegister","file":"/Users/ingemari/Downloads/pvz/internal/handler/user.go","line":144},"msg":"SUCCESS REGISTER","user":"test@example.com"}
{"time":"2025-04-14T22:12:42.49232+03:00","level":"ERROR","source":{"function":"pvz/internal/handler.(*AuthHandler).HandleRegister","file":"/Users/ingemari/Downloads/pvz/internal/handler/user.go","line":107},"msg":"Fail email validations"}
{"time":"2025-04-14T22:12:42.49241+03:00","level":"ERROR","source":{"function":"pvz/internal/handler.(*AuthHandler).HandleRegister","file":"/Users/ingemari/Downloads/pvz/internal/handler/user.go","line":114},"msg":"Fail role validations"}
{"time":"2025-04-14T22:12:42.492475+03:00","level":"ERROR","source":{"function":"pvz/internal/handler.(*AuthHandler).HandleRegister","file":"/Users/ingemari/Downloads/pvz/internal/handler/user.go","line":121},"msg":"Fail pass validations"}
{"time":"2025-04-14T22:12:42.552845+03:00","level":"ERROR","source":{"function":"pvz/internal/handler.(*AuthHandler).HandleRegister","file":"/Users/ingemari/Downloads/pvz/internal/handler/user.go","line":137},"msg":"Failed to create user","user":"exists@example.com"}
{"time":"2025-04-14T22:12:42.553065+03:00","level":"INFO","source":{"function":"pvz/internal/handler.(*AuthHandler).HandleDummy","file":"/Users/ingemari/Downloads/pvz/internal/handler/user.go","line":91},"msg":"SUCCESS Dummy"}
{"time":"2025-04-14T22:12:42.553161+03:00","level":"INFO","source":{"function":"pvz/internal/handler.(*AuthHandler).HandleDummy","file":"/Users/ingemari/Downloads/pvz/internal/handler/user.go","line":91},"msg":"SUCCESS Dummy"}
{"time":"2025-04-14T22:12:42.553209+03:00","level":"ERROR","source":{"function":"pvz/internal/handler.(*AuthHandler).HandleDummy","file":"/Users/ingemari/Downloads/pvz/internal/handler/user.go","line":79},"msg":"Fail role validations"}
{"time":"2025-04-14T22:12:42.553311+03:00","level":"ERROR","source":{"function":"pvz/internal/handler.(*AuthHandler).HandleDummy","file":"/Users/ingemari/Downloads/pvz/internal/handler/user.go","line":86},"msg":"Fail dummy token"}
{"time":"2025-04-14T22:12:42.553427+03:00","level":"INFO","source":{"function":"pvz/internal/handler.(*AuthHandler).HandleLogin","file":"/Users/ingemari/Downloads/pvz/internal/handler/user.go","line":63},"msg":"SUCCESS LOGIN","user":"valid@example.com"}
{"time":"2025-04-14T22:12:42.553488+03:00","level":"ERROR","source":{"function":"pvz/internal/handler.(*AuthHandler).HandleLogin","file":"/Users/ingemari/Downloads/pvz/internal/handler/user.go","line":41},"msg":"Fail email validations LOGIN"}
{"time":"2025-04-14T22:12:42.553559+03:00","level":"ERROR","source":{"function":"pvz/internal/handler.(*AuthHandler).HandleLogin","file":"/Users/ingemari/Downloads/pvz/internal/handler/user.go","line":48},"msg":"Fail password validations LOGIN"}
{"time":"2025-04-14T22:12:42.553657+03:00","level":"ERROR","source":{"function":"pvz/internal/handler.(*AuthHandler).HandleLogin","file":"/Users/ingemari/Downloads/pvz/internal/handler/user.go","line":58},"msg":"Fail auth user LOGIN"}
