{"time":"2025-04-11T14:32:23.98292+03:00","level":"INFO","source":{"function":"pvz/internal/config.LoadConfig","file":"/Users/ingemari/Downloads/pvz/internal/config/config.go","line":25},"msg":"Loaded .env file"}
{"time":"2025-04-11T14:32:23.98354+03:00","level":"INFO","source":{"function":"main.main","file":"/Users/ingemari/Downloads/pvz/cmd/main.go","line":29},"msg":"Configuration loaded","config":{"ServerPort":"8080","DBPort":"5432","DBUser":"postgres","DBName":"postgres","DBPassword":"postgres","DBHost":"localhost"}}
{"time":"2025-04-11T14:32:23.992403+03:00","level":"INFO","source":{"function":"pvz/internal/db.InitDB","file":"/Users/ingemari/Downloads/pvz/internal/db/db.go","line":25},"msg":"Successfully connected to the database!"}
{"time":"2025-04-11T14:32:23.992446+03:00","level":"INFO","source":{"function":"main.main","file":"/Users/ingemari/Downloads/pvz/cmd/main.go","line":34},"msg":"Database connection established"}
{"time":"2025-04-11T14:32:23.992522+03:00","level":"INFO","source":{"function":"main.main.func1","file":"/Users/ingemari/Downloads/pvz/cmd/main.go","line":54},"msg":"Starting server","port":":8080"}
{"time":"2025-04-11T14:32:40.763908+03:00","level":"INFO","source":{"function":"main.main","file":"/Users/ingemari/Downloads/pvz/cmd/main.go","line":67},"msg":"Received shutdown signal","signal":2}
{"time":"2025-04-11T14:32:40.763976+03:00","level":"INFO","source":{"function":"main.main","file":"/Users/ingemari/Downloads/pvz/cmd/main.go","line":73},"msg":"Shutting down server..."}
{"time":"2025-04-11T14:32:40.764033+03:00","level":"INFO","source":{"function":"main.main","file":"/Users/ingemari/Downloads/pvz/cmd/main.go","line":83},"msg":"Server exited gracefully"}
{"time":"2025-04-11T14:32:40.764045+03:00","level":"INFO","source":{"function":"main.main","file":"/Users/ingemari/Downloads/pvz/cmd/main.go","line":85},"msg":"Server exited properly"}
{"time":"2025-04-11T14:33:06.664383+03:00","level":"INFO","source":{"function":"pvz/internal/config.LoadConfig","file":"/Users/ingemari/Downloads/pvz/internal/config/config.go","line":25},"msg":"Loaded .env file"}
{"time":"2025-04-11T14:33:06.664819+03:00","level":"INFO","source":{"function":"main.main","file":"/Users/ingemari/Downloads/pvz/cmd/main.go","line":29},"msg":"Configuration loaded","config":{"ServerPort":"8080","DBPort":"5432","DBUser":"postgres","DBName":"postgres","DBPassword":"postgres","DBHost":"localhost"}}
{"time":"2025-04-11T14:33:06.674394+03:00","level":"INFO","source":{"function":"pvz/internal/db.InitDB","file":"/Users/ingemari/Downloads/pvz/internal/db/db.go","line":25},"msg":"Successfully connected to the database!"}
{"time":"2025-04-11T14:33:06.67444+03:00","level":"INFO","source":{"function":"main.main","file":"/Users/ingemari/Downloads/pvz/cmd/main.go","line":34},"msg":"Database connection established"}
{"time":"2025-04-11T14:33:06.674519+03:00","level":"INFO","source":{"function":"main.main.func1","file":"/Users/ingemari/Downloads/pvz/cmd/main.go","line":54},"msg":"Starting server","port":":8080"}
{"time":"2025-04-11T14:33:12.412337+03:00","level":"INFO","source":{"function":"main.main","file":"/Users/ingemari/Downloads/pvz/cmd/main.go","line":67},"msg":"Received shutdown signal","signal":2}
{"time":"2025-04-11T14:33:12.412427+03:00","level":"INFO","source":{"function":"main.main","file":"/Users/ingemari/Downloads/pvz/cmd/main.go","line":73},"msg":"Shutting down server..."}
{"time":"2025-04-11T14:33:12.412506+03:00","level":"INFO","source":{"function":"main.main","file":"/Users/ingemari/Downloads/pvz/cmd/main.go","line":83},"msg":"Server exited gracefully"}
{"time":"2025-04-11T14:33:12.412518+03:00","level":"INFO","source":{"function":"main.main","file":"/Users/ingemari/Downloads/pvz/cmd/main.go","line":85},"msg":"Server exited properly"}
{"time":"2025-04-11T14:39:35.0481+03:00","level":"INFO","source":{"function":"pvz/internal/config.LoadConfig","file":"/Users/ingemari/Downloads/pvz/internal/config/config.go","line":25},"msg":"Loaded .env file"}
{"time":"2025-04-11T14:39:35.048553+03:00","level":"INFO","source":{"function":"main.main","file":"/Users/ingemari/Downloads/pvz/cmd/main.go","line":23},"msg":"Configuration loaded","config":{"ServerPort":"8080","DBPort":"5432","DBUser":"postgres","DBName":"postgres","DBPassword":"postgres","DBHost":"localhost"}}
{"time":"2025-04-11T14:39:35.058325+03:00","level":"INFO","source":{"function":"pvz/internal/db.InitDB","file":"/Users/ingemari/Downloads/pvz/internal/db/db.go","line":25},"msg":"Successfully connected to the database!"}
{"time":"2025-04-11T14:39:35.058371+03:00","level":"INFO","source":{"function":"main.main","file":"/Users/ingemari/Downloads/pvz/cmd/main.go","line":27},"msg":"Database connection established"}
{"time":"2025-04-11T14:39:35.058451+03:00","level":"INFO","source":{"function":"pvz/internal/server.Run.func1","file":"/Users/ingemari/Downloads/pvz/internal/server/server.go","line":27},"msg":"Starting server","port":"8080"}
{"time":"2025-04-11T14:48:59.961552+03:00","level":"INFO","source":{"function":"pvz/internal/server.Run","file":"/Users/ingemari/Downloads/pvz/internal/server/server.go","line":38},"msg":"Received shutdown signal","signal":2}
{"time":"2025-04-11T14:48:59.961645+03:00","level":"INFO","source":{"function":"pvz/internal/server.Run","file":"/Users/ingemari/Downloads/pvz/internal/server/server.go","line":43},"msg":"Shutting down server..."}
{"time":"2025-04-11T14:48:59.961708+03:00","level":"INFO","source":{"function":"pvz/internal/server.Run","file":"/Users/ingemari/Downloads/pvz/internal/server/server.go","line":53},"msg":"Server exited gracefully"}
{"time":"2025-04-11T14:49:01.802434+03:00","level":"INFO","source":{"function":"pvz/internal/config.LoadConfig","file":"/Users/ingemari/Downloads/pvz/internal/config/config.go","line":25},"msg":"Loaded .env file"}
{"time":"2025-04-11T14:49:01.802836+03:00","level":"INFO","source":{"function":"main.main","file":"/Users/ingemari/Downloads/pvz/cmd/main.go","line":23},"msg":"Configuration loaded","config":{"ServerPort":"8080","DBPort":"5432","DBUser":"postgres","DBName":"postgres","DBPassword":"postgres","DBHost":"localhost"}}
{"time":"2025-04-11T14:49:01.812956+03:00","level":"INFO","source":{"function":"pvz/internal/db.InitDB","file":"/Users/ingemari/Downloads/pvz/internal/db/db.go","line":25},"msg":"Successfully connected to the database!"}
{"time":"2025-04-11T14:49:01.812999+03:00","level":"INFO","source":{"function":"main.main","file":"/Users/ingemari/Downloads/pvz/cmd/main.go","line":27},"msg":"Database connection established"}
{"time":"2025-04-11T14:49:01.813099+03:00","level":"INFO","source":{"function":"pvz/internal/server.Run.func1","file":"/Users/ingemari/Downloads/pvz/internal/server/server.go","line":27},"msg":"Starting server","port":"8080"}
{"time":"2025-04-11T14:49:52.956139+03:00","level":"INFO","source":{"function":"pvz/internal/server.Run","file":"/Users/ingemari/Downloads/pvz/internal/server/server.go","line":38},"msg":"Received shutdown signal","signal":2}
{"time":"2025-04-11T14:49:52.956224+03:00","level":"INFO","source":{"function":"pvz/internal/server.Run","file":"/Users/ingemari/Downloads/pvz/internal/server/server.go","line":43},"msg":"Shutting down server..."}
{"time":"2025-04-11T14:49:52.956366+03:00","level":"INFO","source":{"function":"pvz/internal/server.Run","file":"/Users/ingemari/Downloads/pvz/internal/server/server.go","line":53},"msg":"Server exited gracefully"}
{"time":"2025-04-11T14:49:54.635656+03:00","level":"INFO","source":{"function":"pvz/internal/config.LoadConfig","file":"/Users/ingemari/Downloads/pvz/internal/config/config.go","line":25},"msg":"Loaded .env file"}
{"time":"2025-04-11T14:49:54.636344+03:00","level":"INFO","source":{"function":"main.main","file":"/Users/ingemari/Downloads/pvz/cmd/main.go","line":23},"msg":"Configuration loaded","config":{"ServerPort":"8080","DBPort":"5432","DBUser":"postgres","DBName":"postgres","DBPassword":"postgres","DBHost":"localhost"}}
{"time":"2025-04-11T14:49:54.645294+03:00","level":"INFO","source":{"function":"pvz/internal/db.InitDB","file":"/Users/ingemari/Downloads/pvz/internal/db/db.go","line":25},"msg":"Successfully connected to the database!"}
{"time":"2025-04-11T14:49:54.645342+03:00","level":"INFO","source":{"function":"main.main","file":"/Users/ingemari/Downloads/pvz/cmd/main.go","line":27},"msg":"Database connection established"}
{"time":"2025-04-11T14:49:54.645434+03:00","level":"INFO","source":{"function":"pvz/internal/server.Run.func1","file":"/Users/ingemari/Downloads/pvz/internal/server/server.go","line":27},"msg":"Starting server","port":"8080"}
{"time":"2025-04-11T14:50:28.733243+03:00","level":"INFO","source":{"function":"pvz/internal/server.Run","file":"/Users/ingemari/Downloads/pvz/internal/server/server.go","line":38},"msg":"Received shutdown signal","signal":2}
{"time":"2025-04-11T14:50:28.73332+03:00","level":"INFO","source":{"function":"pvz/internal/server.Run","file":"/Users/ingemari/Downloads/pvz/internal/server/server.go","line":43},"msg":"Shutting down server..."}
{"time":"2025-04-11T14:50:28.733465+03:00","level":"WARN","source":{"function":"pvz/internal/server.Run","file":"/Users/ingemari/Downloads/pvz/internal/server/server.go","line":51},"msg":"Shutdown timeout exceeded"}
{"time":"2025-04-11T14:50:30.395976+03:00","level":"INFO","source":{"function":"pvz/internal/config.LoadConfig","file":"/Users/ingemari/Downloads/pvz/internal/config/config.go","line":25},"msg":"Loaded .env file"}
{"time":"2025-04-11T14:50:30.396466+03:00","level":"INFO","source":{"function":"main.main","file":"/Users/ingemari/Downloads/pvz/cmd/main.go","line":23},"msg":"Configuration loaded","config":{"ServerPort":"8080","DBPort":"5432","DBUser":"postgres","DBName":"postgres","DBPassword":"postgres","DBHost":"localhost"}}
{"time":"2025-04-11T14:50:30.406059+03:00","level":"INFO","source":{"function":"pvz/internal/db.InitDB","file":"/Users/ingemari/Downloads/pvz/internal/db/db.go","line":25},"msg":"Successfully connected to the database!"}
{"time":"2025-04-11T14:50:30.406105+03:00","level":"INFO","source":{"function":"main.main","file":"/Users/ingemari/Downloads/pvz/cmd/main.go","line":27},"msg":"Database connection established"}
{"time":"2025-04-11T14:50:30.406183+03:00","level":"INFO","source":{"function":"pvz/internal/server.Run.func1","file":"/Users/ingemari/Downloads/pvz/internal/server/server.go","line":27},"msg":"Starting server","port":"8080"}
{"time":"2025-04-11T14:51:31.599145+03:00","level":"INFO","source":{"function":"pvz/internal/server.Run","file":"/Users/ingemari/Downloads/pvz/internal/server/server.go","line":38},"msg":"Received shutdown signal","signal":2}
{"time":"2025-04-11T14:51:31.59922+03:00","level":"INFO","source":{"function":"pvz/internal/server.Run","file":"/Users/ingemari/Downloads/pvz/internal/server/server.go","line":43},"msg":"Shutting down server..."}
{"time":"2025-04-11T14:51:31.599298+03:00","level":"WARN","source":{"function":"pvz/internal/server.Run","file":"/Users/ingemari/Downloads/pvz/internal/server/server.go","line":51},"msg":"Shutdown timeout exceeded"}
{"time":"2025-04-11T14:51:33.544238+03:00","level":"INFO","source":{"function":"pvz/internal/config.LoadConfig","file":"/Users/ingemari/Downloads/pvz/internal/config/config.go","line":25},"msg":"Loaded .env file"}
{"time":"2025-04-11T14:51:33.544732+03:00","level":"INFO","source":{"function":"main.main","file":"/Users/ingemari/Downloads/pvz/cmd/main.go","line":23},"msg":"Configuration loaded","config":{"ServerPort":"8080","DBPort":"5432","DBUser":"postgres","DBName":"postgres","DBPassword":"postgres","DBHost":"localhost"}}
{"time":"2025-04-11T14:51:33.554083+03:00","level":"INFO","source":{"function":"pvz/internal/db.InitDB","file":"/Users/ingemari/Downloads/pvz/internal/db/db.go","line":25},"msg":"Successfully connected to the database!"}
{"time":"2025-04-11T14:51:33.554133+03:00","level":"INFO","source":{"function":"main.main","file":"/Users/ingemari/Downloads/pvz/cmd/main.go","line":27},"msg":"Database connection established"}
{"time":"2025-04-11T14:51:33.554209+03:00","level":"INFO","source":{"function":"pvz/internal/server.Run.func1","file":"/Users/ingemari/Downloads/pvz/internal/server/server.go","line":27},"msg":"Starting server","port":"8080"}
{"time":"2025-04-11T14:52:29.064962+03:00","level":"INFO","source":{"function":"pvz/internal/server.Run","file":"/Users/ingemari/Downloads/pvz/internal/server/server.go","line":38},"msg":"Received shutdown signal","signal":2}
{"time":"2025-04-11T14:52:29.065037+03:00","level":"INFO","source":{"function":"pvz/internal/server.Run","file":"/Users/ingemari/Downloads/pvz/internal/server/server.go","line":43},"msg":"Shutting down server..."}
{"time":"2025-04-11T14:52:29.065112+03:00","level":"INFO","source":{"function":"pvz/internal/server.Run","file":"/Users/ingemari/Downloads/pvz/internal/server/server.go","line":53},"msg":"Server exited gracefully"}
{"time":"2025-04-11T14:52:30.676753+03:00","level":"INFO","source":{"function":"pvz/internal/config.LoadConfig","file":"/Users/ingemari/Downloads/pvz/internal/config/config.go","line":25},"msg":"Loaded .env file"}
{"time":"2025-04-11T14:52:30.677533+03:00","level":"INFO","source":{"function":"main.main","file":"/Users/ingemari/Downloads/pvz/cmd/main.go","line":23},"msg":"Configuration loaded","config":{"ServerPort":"8080","DBPort":"5432","DBUser":"postgres","DBName":"postgres","DBPassword":"postgres","DBHost":"localhost"}}
{"time":"2025-04-11T14:52:30.686182+03:00","level":"INFO","source":{"function":"pvz/internal/db.InitDB","file":"/Users/ingemari/Downloads/pvz/internal/db/db.go","line":25},"msg":"Successfully connected to the database!"}
{"time":"2025-04-11T14:52:30.686229+03:00","level":"INFO","source":{"function":"main.main","file":"/Users/ingemari/Downloads/pvz/cmd/main.go","line":27},"msg":"Database connection established"}
{"time":"2025-04-11T14:52:30.686277+03:00","level":"INFO","source":{"function":"main.setupRouter","file":"/Users/ingemari/Downloads/pvz/cmd/main.go","line":48},"msg":"Create user endpoint registered"}
{"time":"2025-04-11T14:52:30.686317+03:00","level":"INFO","source":{"function":"pvz/internal/server.Run.func1","file":"/Users/ingemari/Downloads/pvz/internal/server/server.go","line":27},"msg":"Starting server","port":"8080"}
{"time":"2025-04-11T14:53:19.577894+03:00","level":"INFO","source":{"function":"pvz/internal/server.Run","file":"/Users/ingemari/Downloads/pvz/internal/server/server.go","line":38},"msg":"Received shutdown signal","signal":2}
{"time":"2025-04-11T14:53:19.577961+03:00","level":"INFO","source":{"function":"pvz/internal/server.Run","file":"/Users/ingemari/Downloads/pvz/internal/server/server.go","line":43},"msg":"Shutting down server..."}
{"time":"2025-04-11T14:53:19.578048+03:00","level":"INFO","source":{"function":"pvz/internal/server.Run","file":"/Users/ingemari/Downloads/pvz/internal/server/server.go","line":53},"msg":"Server exited gracefully"}
{"time":"2025-04-11T14:58:48.959974+03:00","level":"INFO","source":{"function":"pvz/internal/config.LoadConfig","file":"/Users/ingemari/Downloads/pvz/internal/config/config.go","line":25},"msg":"Loaded .env file"}
{"time":"2025-04-11T14:58:48.960452+03:00","level":"INFO","source":{"function":"main.main","file":"/Users/ingemari/Downloads/pvz/cmd/main.go","line":18},"msg":"Configuration loaded","config":{"ServerPort":"8080","DBPort":"5432","DBUser":"postgres","DBName":"postgres","DBPassword":"postgres","DBHost":"localhost"}}
{"time":"2025-04-11T14:58:48.970152+03:00","level":"INFO","source":{"function":"pvz/internal/db.InitDB","file":"/Users/ingemari/Downloads/pvz/internal/db/db.go","line":25},"msg":"Successfully connected to the database!"}
{"time":"2025-04-11T14:58:48.970204+03:00","level":"INFO","source":{"function":"main.main","file":"/Users/ingemari/Downloads/pvz/cmd/main.go","line":22},"msg":"Database connection established"}
{"time":"2025-04-11T14:58:48.970254+03:00","level":"INFO","source":{"function":"pvz/internal/handler.SetupRouter","file":"/Users/ingemari/Downloads/pvz/internal/handler/router.go","line":21},"msg":"Create user endpoint registered"}
{"time":"2025-04-11T14:58:48.970289+03:00","level":"INFO","source":{"function":"pvz/internal/server.Run.func1","file":"/Users/ingemari/Downloads/pvz/internal/server/server.go","line":22},"msg":"Starting server","port":"8080"}
{"time":"2025-04-11T14:59:07.787343+03:00","level":"INFO","source":{"function":"pvz/internal/server.Run","file":"/Users/ingemari/Downloads/pvz/internal/server/server.go","line":33},"msg":"Received shutdown signal","signal":2}
{"time":"2025-04-11T14:59:07.787424+03:00","level":"INFO","source":{"function":"pvz/internal/server.Run","file":"/Users/ingemari/Downloads/pvz/internal/server/server.go","line":38},"msg":"Shutting down server..."}
{"time":"2025-04-11T14:59:07.787487+03:00","level":"INFO","source":{"function":"pvz/internal/server.Run","file":"/Users/ingemari/Downloads/pvz/internal/server/server.go","line":48},"msg":"Server exited gracefully"}
{"time":"2025-04-11T14:59:54.112936+03:00","level":"INFO","source":{"function":"pvz/internal/config.LoadConfig","file":"/Users/ingemari/Downloads/pvz/internal/config/config.go","line":25},"msg":"Loaded .env file"}
{"time":"2025-04-11T14:59:54.113425+03:00","level":"INFO","source":{"function":"main.main","file":"/Users/ingemari/Downloads/pvz/cmd/main.go","line":18},"msg":"Configuration loaded","config":{"ServerPort":"8080","DBPort":"5432","DBUser":"postgres","DBName":"postgres","DBPassword":"postgres","DBHost":"localhost"}}
{"time":"2025-04-11T14:59:54.123473+03:00","level":"INFO","source":{"function":"pvz/internal/db.InitDB","file":"/Users/ingemari/Downloads/pvz/internal/db/db.go","line":25},"msg":"Successfully connected to the database!"}
{"time":"2025-04-11T14:59:54.123528+03:00","level":"INFO","source":{"function":"main.main","file":"/Users/ingemari/Downloads/pvz/cmd/main.go","line":22},"msg":"Database connection established"}
{"time":"2025-04-11T14:59:54.12358+03:00","level":"INFO","source":{"function":"pvz/internal/handler.SetupRouter","file":"/Users/ingemari/Downloads/pvz/internal/handler/router.go","line":21},"msg":"Create user endpoint registered"}
{"time":"2025-04-11T14:59:54.123619+03:00","level":"INFO","source":{"function":"pvz/internal/server.Run.func1","file":"/Users/ingemari/Downloads/pvz/internal/server/server.go","line":22},"msg":"Starting server","port":"8080"}
{"time":"2025-04-11T14:59:56.677235+03:00","level":"ERROR","source":{"function":"pvz/internal/service.(*AuthService).CreateUser","file":"/Users/ingemari/Downloads/pvz/internal/service/auth.go","line":28},"msg":"Fail email validations"}
{"time":"2025-04-11T15:00:09.167185+03:00","level":"ERROR","source":{"function":"pvz/internal/service.(*AuthService).CreateUser","file":"/Users/ingemari/Downloads/pvz/internal/service/auth.go","line":45},"msg":"failed to create user","error":"ERROR: new row for relation \"users\" violates check constraint \"users_role_check\" (SQLSTATE 23514)"}
{"time":"2025-04-11T15:03:10.15599+03:00","level":"ERROR","source":{"function":"pvz/internal/service.(*AuthService).CreateUser","file":"/Users/ingemari/Downloads/pvz/internal/service/auth.go","line":45},"msg":"failed to create user","error":"ERROR: new row for relation \"users\" violates check constraint \"users_role_check\" (SQLSTATE 23514)"}
{"time":"2025-04-11T16:25:48.149953+03:00","level":"INFO","source":{"function":"pvz/internal/server.Run","file":"/Users/ingemari/Downloads/pvz/internal/server/server.go","line":33},"msg":"Received shutdown signal","signal":2}
{"time":"2025-04-11T16:25:48.150043+03:00","level":"INFO","source":{"function":"pvz/internal/server.Run","file":"/Users/ingemari/Downloads/pvz/internal/server/server.go","line":38},"msg":"Shutting down server..."}
{"time":"2025-04-11T16:25:48.150107+03:00","level":"INFO","source":{"function":"pvz/internal/server.Run","file":"/Users/ingemari/Downloads/pvz/internal/server/server.go","line":48},"msg":"Server exited gracefully"}
{"time":"2025-04-11T17:32:15.766319+03:00","level":"INFO","source":{"function":"pvz/internal/config.LoadConfig","file":"/Users/ingemari/Downloads/pvz/internal/config/config.go","line":25},"msg":"Loaded .env file"}
{"time":"2025-04-11T17:32:15.766912+03:00","level":"INFO","source":{"function":"main.main","file":"/Users/ingemari/Downloads/pvz/cmd/main.go","line":18},"msg":"Configuration loaded","config":{"ServerPort":"8080","DBPort":"5432","DBUser":"postgres","DBName":"postgres","DBPassword":"postgres","DBHost":"localhost"}}
{"time":"2025-04-11T17:32:15.777068+03:00","level":"INFO","source":{"function":"pvz/internal/db.InitDB","file":"/Users/ingemari/Downloads/pvz/internal/db/db.go","line":25},"msg":"Successfully connected to the database!"}
{"time":"2025-04-11T17:32:15.777111+03:00","level":"INFO","source":{"function":"main.main","file":"/Users/ingemari/Downloads/pvz/cmd/main.go","line":22},"msg":"Database connection established"}
{"time":"2025-04-11T17:32:15.777157+03:00","level":"INFO","source":{"function":"pvz/internal/handler/router.SetupRouter","file":"/Users/ingemari/Downloads/pvz/internal/handler/router/router.go","line":22},"msg":"Create user endpoint registered"}
{"time":"2025-04-11T17:32:15.777192+03:00","level":"INFO","source":{"function":"pvz/internal/server.Run.func1","file":"/Users/ingemari/Downloads/pvz/internal/server/server.go","line":22},"msg":"Starting server","port":"8080"}
{"time":"2025-04-11T17:33:23.173338+03:00","level":"ERROR","source":{"function":"pvz/internal/repository.(*UserRepository).CreateUser","file":"/Users/ingemari/Downloads/pvz/internal/repository/user.go","line":31},"msg":"Incorrect create user"}
{"time":"2025-04-11T17:33:23.173373+03:00","level":"ERROR","source":{"function":"pvz/internal/service.(*AuthService).CreateUser","file":"/Users/ingemari/Downloads/pvz/internal/service/auth.go","line":25},"msg":"failed to create user","error":"ERROR: new row for relation \"users\" violates check constraint \"users_role_check\" (SQLSTATE 23514)"}
{"time":"2025-04-11T17:34:38.654626+03:00","level":"INFO","source":{"function":"pvz/internal/server.Run","file":"/Users/ingemari/Downloads/pvz/internal/server/server.go","line":33},"msg":"Received shutdown signal","signal":2}
{"time":"2025-04-11T17:34:38.654699+03:00","level":"INFO","source":{"function":"pvz/internal/server.Run","file":"/Users/ingemari/Downloads/pvz/internal/server/server.go","line":38},"msg":"Shutting down server..."}
{"time":"2025-04-11T17:34:38.654753+03:00","level":"INFO","source":{"function":"pvz/internal/server.Run","file":"/Users/ingemari/Downloads/pvz/internal/server/server.go","line":48},"msg":"Server exited gracefully"}
{"time":"2025-04-11T17:34:40.870614+03:00","level":"INFO","source":{"function":"pvz/internal/config.LoadConfig","file":"/Users/ingemari/Downloads/pvz/internal/config/config.go","line":25},"msg":"Loaded .env file"}
{"time":"2025-04-11T17:34:40.871119+03:00","level":"INFO","source":{"function":"main.main","file":"/Users/ingemari/Downloads/pvz/cmd/main.go","line":18},"msg":"Configuration loaded","config":{"ServerPort":"8080","DBPort":"5432","DBUser":"postgres","DBName":"postgres","DBPassword":"postgres","DBHost":"localhost"}}
{"time":"2025-04-11T17:34:40.88144+03:00","level":"INFO","source":{"function":"pvz/internal/db.InitDB","file":"/Users/ingemari/Downloads/pvz/internal/db/db.go","line":25},"msg":"Successfully connected to the database!"}
{"time":"2025-04-11T17:34:40.881491+03:00","level":"INFO","source":{"function":"main.main","file":"/Users/ingemari/Downloads/pvz/cmd/main.go","line":22},"msg":"Database connection established"}
{"time":"2025-04-11T17:34:40.881543+03:00","level":"INFO","source":{"function":"pvz/internal/handler/router.SetupRouter","file":"/Users/ingemari/Downloads/pvz/internal/handler/router/router.go","line":22},"msg":"Create user endpoint registered"}
{"time":"2025-04-11T17:34:40.881602+03:00","level":"INFO","source":{"function":"pvz/internal/server.Run.func1","file":"/Users/ingemari/Downloads/pvz/internal/server/server.go","line":22},"msg":"Starting server","port":"8080"}
{"time":"2025-04-11T17:34:44.510183+03:00","level":"ERROR","source":{"function":"pvz/internal/repository.(*UserRepository).CreateUser","file":"/Users/ingemari/Downloads/pvz/internal/repository/user.go","line":31},"msg":"Incorrect create user"}
{"time":"2025-04-11T17:34:44.510218+03:00","level":"ERROR","source":{"function":"pvz/internal/service.(*AuthService).CreateUser","file":"/Users/ingemari/Downloads/pvz/internal/service/auth.go","line":25},"msg":"failed to create user","error":"ERROR: new row for relation \"users\" violates check constraint \"users_role_check\" (SQLSTATE 23514)"}
{"time":"2025-04-11T17:34:48.806544+03:00","level":"INFO","source":{"function":"pvz/internal/server.Run","file":"/Users/ingemari/Downloads/pvz/internal/server/server.go","line":33},"msg":"Received shutdown signal","signal":2}
{"time":"2025-04-11T17:34:48.806605+03:00","level":"INFO","source":{"function":"pvz/internal/server.Run","file":"/Users/ingemari/Downloads/pvz/internal/server/server.go","line":38},"msg":"Shutting down server..."}
{"time":"2025-04-11T17:34:48.806663+03:00","level":"INFO","source":{"function":"pvz/internal/server.Run","file":"/Users/ingemari/Downloads/pvz/internal/server/server.go","line":48},"msg":"Server exited gracefully"}
{"time":"2025-04-11T17:37:13.930376+03:00","level":"INFO","source":{"function":"pvz/internal/config.LoadConfig","file":"/Users/ingemari/Downloads/pvz/internal/config/config.go","line":25},"msg":"Loaded .env file"}
{"time":"2025-04-11T17:37:13.931386+03:00","level":"INFO","source":{"function":"main.main","file":"/Users/ingemari/Downloads/pvz/cmd/main.go","line":18},"msg":"Configuration loaded","config":{"ServerPort":"8080","DBPort":"5432","DBUser":"postgres","DBName":"postgres","DBPassword":"postgres","DBHost":"localhost"}}
{"time":"2025-04-11T17:37:13.941423+03:00","level":"INFO","source":{"function":"pvz/internal/db.InitDB","file":"/Users/ingemari/Downloads/pvz/internal/db/db.go","line":25},"msg":"Successfully connected to the database!"}
{"time":"2025-04-11T17:37:13.941479+03:00","level":"INFO","source":{"function":"main.main","file":"/Users/ingemari/Downloads/pvz/cmd/main.go","line":22},"msg":"Database connection established"}
{"time":"2025-04-11T17:37:13.941536+03:00","level":"INFO","source":{"function":"pvz/internal/handler/router.SetupRouter","file":"/Users/ingemari/Downloads/pvz/internal/handler/router/router.go","line":22},"msg":"Create user endpoint registered"}
{"time":"2025-04-11T17:37:13.941581+03:00","level":"INFO","source":{"function":"pvz/internal/server.Run.func1","file":"/Users/ingemari/Downloads/pvz/internal/server/server.go","line":22},"msg":"Starting server","port":"8080"}
{"time":"2025-04-11T17:37:15.985648+03:00","level":"ERROR","source":{"function":"pvz/internal/repository.(*UserRepository).CreateUser","file":"/Users/ingemari/Downloads/pvz/internal/repository/user.go","line":32},"msg":"Incorrect create user"}
{"time":"2025-04-11T17:37:15.985694+03:00","level":"ERROR","source":{"function":"pvz/internal/service.(*AuthService).CreateUser","file":"/Users/ingemari/Downloads/pvz/internal/service/auth.go","line":25},"msg":"failed to create user","error":"ERROR: new row for relation \"users\" violates check constraint \"users_role_check\" (SQLSTATE 23514)"}
{"time":"2025-04-11T17:40:31.430878+03:00","level":"INFO","source":{"function":"pvz/internal/server.Run","file":"/Users/ingemari/Downloads/pvz/internal/server/server.go","line":33},"msg":"Received shutdown signal","signal":2}
{"time":"2025-04-11T17:40:31.430968+03:00","level":"INFO","source":{"function":"pvz/internal/server.Run","file":"/Users/ingemari/Downloads/pvz/internal/server/server.go","line":38},"msg":"Shutting down server..."}
{"time":"2025-04-11T17:40:31.431033+03:00","level":"INFO","source":{"function":"pvz/internal/server.Run","file":"/Users/ingemari/Downloads/pvz/internal/server/server.go","line":48},"msg":"Server exited gracefully"}
{"time":"2025-04-11T17:40:33.236339+03:00","level":"INFO","source":{"function":"pvz/internal/config.LoadConfig","file":"/Users/ingemari/Downloads/pvz/internal/config/config.go","line":25},"msg":"Loaded .env file"}
{"time":"2025-04-11T17:40:33.23682+03:00","level":"INFO","source":{"function":"main.main","file":"/Users/ingemari/Downloads/pvz/cmd/main.go","line":18},"msg":"Configuration loaded","config":{"ServerPort":"8080","DBPort":"5432","DBUser":"postgres","DBName":"postgres","DBPassword":"postgres","DBHost":"localhost"}}
{"time":"2025-04-11T17:40:33.24652+03:00","level":"INFO","source":{"function":"pvz/internal/db.InitDB","file":"/Users/ingemari/Downloads/pvz/internal/db/db.go","line":25},"msg":"Successfully connected to the database!"}
{"time":"2025-04-11T17:40:33.246581+03:00","level":"INFO","source":{"function":"main.main","file":"/Users/ingemari/Downloads/pvz/cmd/main.go","line":22},"msg":"Database connection established"}
{"time":"2025-04-11T17:40:33.246636+03:00","level":"INFO","source":{"function":"pvz/internal/handler/router.SetupRouter","file":"/Users/ingemari/Downloads/pvz/internal/handler/router/router.go","line":22},"msg":"Create user endpoint registered"}
{"time":"2025-04-11T17:40:33.246682+03:00","level":"INFO","source":{"function":"pvz/internal/server.Run.func1","file":"/Users/ingemari/Downloads/pvz/internal/server/server.go","line":22},"msg":"Starting server","port":"8080"}
{"time":"2025-04-11T17:40:35.206658+03:00","level":"ERROR","source":{"function":"pvz/internal/repository.(*UserRepository).CreateUser","file":"/Users/ingemari/Downloads/pvz/internal/repository/user.go","line":32},"msg":"Incorrect create user"}
{"time":"2025-04-11T17:41:31.144137+03:00","level":"INFO","source":{"function":"pvz/internal/server.Run","file":"/Users/ingemari/Downloads/pvz/internal/server/server.go","line":33},"msg":"Received shutdown signal","signal":2}
{"time":"2025-04-11T17:41:31.144215+03:00","level":"INFO","source":{"function":"pvz/internal/server.Run","file":"/Users/ingemari/Downloads/pvz/internal/server/server.go","line":38},"msg":"Shutting down server..."}
{"time":"2025-04-11T17:41:31.144288+03:00","level":"INFO","source":{"function":"pvz/internal/server.Run","file":"/Users/ingemari/Downloads/pvz/internal/server/server.go","line":48},"msg":"Server exited gracefully"}
{"time":"2025-04-11T17:41:47.879586+03:00","level":"INFO","source":{"function":"pvz/internal/config.LoadConfig","file":"/Users/ingemari/Downloads/pvz/internal/config/config.go","line":25},"msg":"Loaded .env file"}
{"time":"2025-04-11T17:41:47.880037+03:00","level":"INFO","source":{"function":"main.main","file":"/Users/ingemari/Downloads/pvz/cmd/main.go","line":18},"msg":"Configuration loaded","config":{"ServerPort":"8080","DBPort":"5432","DBUser":"postgres","DBName":"postgres","DBPassword":"postgres","DBHost":"localhost"}}
{"time":"2025-04-11T17:41:47.889894+03:00","level":"INFO","source":{"function":"pvz/internal/db.InitDB","file":"/Users/ingemari/Downloads/pvz/internal/db/db.go","line":25},"msg":"Successfully connected to the database!"}
{"time":"2025-04-11T17:41:47.889946+03:00","level":"INFO","source":{"function":"main.main","file":"/Users/ingemari/Downloads/pvz/cmd/main.go","line":22},"msg":"Database connection established"}
{"time":"2025-04-11T17:41:47.889998+03:00","level":"INFO","source":{"function":"pvz/internal/handler/router.SetupRouter","file":"/Users/ingemari/Downloads/pvz/internal/handler/router/router.go","line":22},"msg":"Create user endpoint registered"}
{"time":"2025-04-11T17:41:47.890052+03:00","level":"INFO","source":{"function":"pvz/internal/server.Run.func1","file":"/Users/ingemari/Downloads/pvz/internal/server/server.go","line":22},"msg":"Starting server","port":"8080"}
{"time":"2025-04-11T17:41:48.989579+03:00","level":"ERROR","source":{"function":"pvz/internal/repository.(*UserRepository).CreateUser","file":"/Users/ingemari/Downloads/pvz/internal/repository/user.go","line":32},"msg":"Failed to create user on storage layer","err":"ERROR: new row for relation \"users\" violates check constraint \"users_role_check\" (SQLSTATE 23514)"}
{"time":"2025-04-11T17:46:40.261638+03:00","level":"ERROR","source":{"function":"pvz/internal/repository.(*UserRepository).CreateUser","file":"/Users/ingemari/Downloads/pvz/internal/repository/user.go","line":32},"msg":"Failed to create user on storage layer","err":"ERROR: new row for relation \"users\" violates check constraint \"users_role_check\" (SQLSTATE 23514)"}
{"time":"2025-04-11T17:46:51.36388+03:00","level":"ERROR","source":{"function":"pvz/internal/repository.(*UserRepository).CreateUser","file":"/Users/ingemari/Downloads/pvz/internal/repository/user.go","line":32},"msg":"Failed to create user on storage layer","err":"ERROR: new row for relation \"users\" violates check constraint \"users_role_check\" (SQLSTATE 23514)"}
{"time":"2025-04-11T17:47:26.402304+03:00","level":"INFO","source":{"function":"pvz/internal/server.Run","file":"/Users/ingemari/Downloads/pvz/internal/server/server.go","line":33},"msg":"Received shutdown signal","signal":2}
{"time":"2025-04-11T17:47:26.402367+03:00","level":"INFO","source":{"function":"pvz/internal/server.Run","file":"/Users/ingemari/Downloads/pvz/internal/server/server.go","line":38},"msg":"Shutting down server..."}
{"time":"2025-04-11T17:47:26.402424+03:00","level":"INFO","source":{"function":"pvz/internal/server.Run","file":"/Users/ingemari/Downloads/pvz/internal/server/server.go","line":48},"msg":"Server exited gracefully"}
{"time":"2025-04-12T20:41:43.230262+03:00","level":"INFO","source":{"function":"pvz/internal/config.LoadConfig","file":"/Users/ingemari/Downloads/pvz/internal/config/config.go","line":25},"msg":"Loaded .env file"}
{"time":"2025-04-12T20:41:43.231695+03:00","level":"INFO","source":{"function":"main.main","file":"/Users/ingemari/Downloads/pvz/cmd/main.go","line":18},"msg":"Configuration loaded","config":{"ServerPort":"8080","DBPort":"5432","DBUser":"postgres","DBName":"postgres","DBPassword":"postgres","DBHost":"localhost"}}
{"time":"2025-04-12T20:41:43.241781+03:00","level":"INFO","source":{"function":"pvz/internal/db.InitDB","file":"/Users/ingemari/Downloads/pvz/internal/db/db.go","line":25},"msg":"Successfully connected to the database!"}
{"time":"2025-04-12T20:41:43.241834+03:00","level":"INFO","source":{"function":"main.main","file":"/Users/ingemari/Downloads/pvz/cmd/main.go","line":22},"msg":"Database connection established"}
{"time":"2025-04-12T20:41:43.241888+03:00","level":"INFO","source":{"function":"pvz/internal/handler/router.SetupRouter","file":"/Users/ingemari/Downloads/pvz/internal/handler/router/router.go","line":22},"msg":"Create user endpoint registered"}
{"time":"2025-04-12T20:41:43.24193+03:00","level":"INFO","source":{"function":"pvz/internal/server.Run.func1","file":"/Users/ingemari/Downloads/pvz/internal/server/server.go","line":22},"msg":"Starting server","port":"8080"}
{"time":"2025-04-12T20:50:15.036549+03:00","level":"ERROR","source":{"function":"pvz/internal/handler.(*AuthHandler).HandleRegister","file":"/Users/ingemari/Downloads/pvz/internal/handler/user.go","line":45},"msg":"Fail email validations"}
{"time":"2025-04-12T20:51:42.803263+03:00","level":"ERROR","source":{"function":"pvz/internal/repository.(*UserRepository).CreateUser","file":"/Users/ingemari/Downloads/pvz/internal/repository/user.go","line":32},"msg":"Failed to create user on storage layer","err":"ERROR: new row for relation \"users\" violates check constraint \"users_role_check\" (SQLSTATE 23514)"}
{"time":"2025-04-12T20:52:03.994064+03:00","level":"ERROR","source":{"function":"pvz/internal/repository.(*UserRepository).CreateUser","file":"/Users/ingemari/Downloads/pvz/internal/repository/user.go","line":32},"msg":"Failed to create user on storage layer","err":"ERROR: new row for relation \"users\" violates check constraint \"users_role_check\" (SQLSTATE 23514)"}
{"time":"2025-04-12T20:52:41.077995+03:00","level":"ERROR","source":{"function":"pvz/internal/handler.(*AuthHandler).HandleRegister","file":"/Users/ingemari/Downloads/pvz/internal/handler/user.go","line":45},"msg":"Fail email validations"}
{"time":"2025-04-12T20:52:46.168962+03:00","level":"ERROR","source":{"function":"pvz/internal/handler.(*AuthHandler).HandleRegister","file":"/Users/ingemari/Downloads/pvz/internal/handler/user.go","line":45},"msg":"Fail email validations"}
{"time":"2025-04-12T20:53:45.816166+03:00","level":"INFO","source":{"function":"pvz/internal/server.Run","file":"/Users/ingemari/Downloads/pvz/internal/server/server.go","line":33},"msg":"Received shutdown signal","signal":2}
{"time":"2025-04-12T20:53:45.816276+03:00","level":"INFO","source":{"function":"pvz/internal/server.Run","file":"/Users/ingemari/Downloads/pvz/internal/server/server.go","line":38},"msg":"Shutting down server..."}
{"time":"2025-04-12T20:53:45.816399+03:00","level":"INFO","source":{"function":"pvz/internal/server.Run","file":"/Users/ingemari/Downloads/pvz/internal/server/server.go","line":48},"msg":"Server exited gracefully"}
{"time":"2025-04-12T21:00:03.664513+03:00","level":"INFO","source":{"function":"pvz/internal/config.LoadConfig","file":"/Users/ingemari/Downloads/pvz/internal/config/config.go","line":25},"msg":"Loaded .env file"}
{"time":"2025-04-12T21:00:03.665262+03:00","level":"INFO","source":{"function":"main.main","file":"/Users/ingemari/Downloads/pvz/cmd/main.go","line":18},"msg":"Configuration loaded","config":{"ServerPort":"8080","DBPort":"5432","DBUser":"postgres","DBName":"postgres","DBPassword":"postgres","DBHost":"localhost"}}
{"time":"2025-04-12T21:00:03.674629+03:00","level":"INFO","source":{"function":"pvz/internal/db.InitDB","file":"/Users/ingemari/Downloads/pvz/internal/db/db.go","line":25},"msg":"Successfully connected to the database!"}
{"time":"2025-04-12T21:00:03.674678+03:00","level":"INFO","source":{"function":"main.main","file":"/Users/ingemari/Downloads/pvz/cmd/main.go","line":22},"msg":"Database connection established"}
{"time":"2025-04-12T21:00:03.674733+03:00","level":"INFO","source":{"function":"pvz/internal/handler/router.SetupRouter","file":"/Users/ingemari/Downloads/pvz/internal/handler/router/router.go","line":22},"msg":"Create user endpoint registered"}
{"time":"2025-04-12T21:00:03.674767+03:00","level":"INFO","source":{"function":"pvz/internal/server.Run.func1","file":"/Users/ingemari/Downloads/pvz/internal/server/server.go","line":22},"msg":"Starting server","port":"8080"}
{"time":"2025-04-12T21:00:15.5697+03:00","level":"INFO","source":{"function":"pvz/internal/server.Run","file":"/Users/ingemari/Downloads/pvz/internal/server/server.go","line":33},"msg":"Received shutdown signal","signal":2}
{"time":"2025-04-12T21:00:15.569874+03:00","level":"INFO","source":{"function":"pvz/internal/server.Run","file":"/Users/ingemari/Downloads/pvz/internal/server/server.go","line":38},"msg":"Shutting down server..."}
{"time":"2025-04-12T21:00:15.569976+03:00","level":"INFO","source":{"function":"pvz/internal/server.Run","file":"/Users/ingemari/Downloads/pvz/internal/server/server.go","line":48},"msg":"Server exited gracefully"}
{"time":"2025-04-12T21:00:49.291008+03:00","level":"INFO","source":{"function":"pvz/internal/config.LoadConfig","file":"/Users/ingemari/Downloads/pvz/internal/config/config.go","line":25},"msg":"Loaded .env file"}
{"time":"2025-04-12T21:00:49.291483+03:00","level":"INFO","source":{"function":"main.main","file":"/Users/ingemari/Downloads/pvz/cmd/main.go","line":18},"msg":"Configuration loaded","config":{"ServerPort":"8080","DBPort":"5432","DBUser":"postgres","DBName":"postgres","DBPassword":"postgres","DBHost":"localhost"}}
{"time":"2025-04-12T21:00:49.301634+03:00","level":"INFO","source":{"function":"pvz/internal/db.InitDB","file":"/Users/ingemari/Downloads/pvz/internal/db/db.go","line":25},"msg":"Successfully connected to the database!"}
{"time":"2025-04-12T21:00:49.301687+03:00","level":"INFO","source":{"function":"main.main","file":"/Users/ingemari/Downloads/pvz/cmd/main.go","line":22},"msg":"Database connection established"}
{"time":"2025-04-12T21:00:49.301742+03:00","level":"INFO","source":{"function":"pvz/internal/handler/router.SetupRouter","file":"/Users/ingemari/Downloads/pvz/internal/handler/router/router.go","line":22},"msg":"Create user endpoint registered"}
{"time":"2025-04-12T21:00:49.301778+03:00","level":"INFO","source":{"function":"pvz/internal/server.Run.func1","file":"/Users/ingemari/Downloads/pvz/internal/server/server.go","line":22},"msg":"Starting server","port":"8080"}
{"time":"2025-04-12T21:00:58.870929+03:00","level":"ERROR","source":{"function":"pvz/internal/handler.(*AuthHandler).HandleRegister","file":"/Users/ingemari/Downloads/pvz/internal/handler/user.go","line":45},"msg":"Fail email validations"}
{"time":"2025-04-12T21:01:09.714203+03:00","level":"ERROR","source":{"function":"pvz/internal/repository.(*UserRepository).CreateUser","file":"/Users/ingemari/Downloads/pvz/internal/repository/user.go","line":32},"msg":"Failed to create user on storage layer","err":"ERROR: new row for relation \"users\" violates check constraint \"users_role_check\" (SQLSTATE 23514)"}
{"time":"2025-04-12T21:06:20.259116+03:00","level":"INFO","source":{"function":"pvz/internal/server.Run","file":"/Users/ingemari/Downloads/pvz/internal/server/server.go","line":33},"msg":"Received shutdown signal","signal":2}
{"time":"2025-04-12T21:06:20.259227+03:00","level":"INFO","source":{"function":"pvz/internal/server.Run","file":"/Users/ingemari/Downloads/pvz/internal/server/server.go","line":38},"msg":"Shutting down server..."}
{"time":"2025-04-12T21:06:20.259326+03:00","level":"INFO","source":{"function":"pvz/internal/server.Run","file":"/Users/ingemari/Downloads/pvz/internal/server/server.go","line":48},"msg":"Server exited gracefully"}
{"time":"2025-04-12T21:06:22.517241+03:00","level":"INFO","source":{"function":"pvz/internal/config.LoadConfig","file":"/Users/ingemari/Downloads/pvz/internal/config/config.go","line":25},"msg":"Loaded .env file"}
{"time":"2025-04-12T21:06:22.51795+03:00","level":"INFO","source":{"function":"main.main","file":"/Users/ingemari/Downloads/pvz/cmd/main.go","line":18},"msg":"Configuration loaded","config":{"ServerPort":"8080","DBPort":"5432","DBUser":"postgres","DBName":"postgres","DBPassword":"postgres","DBHost":"localhost"}}
{"time":"2025-04-12T21:06:22.52722+03:00","level":"INFO","source":{"function":"pvz/internal/db.InitDB","file":"/Users/ingemari/Downloads/pvz/internal/db/db.go","line":25},"msg":"Successfully connected to the database!"}
{"time":"2025-04-12T21:06:22.527274+03:00","level":"INFO","source":{"function":"main.main","file":"/Users/ingemari/Downloads/pvz/cmd/main.go","line":22},"msg":"Database connection established"}
{"time":"2025-04-12T21:06:22.527335+03:00","level":"INFO","source":{"function":"pvz/internal/handler/router.SetupRouter","file":"/Users/ingemari/Downloads/pvz/internal/handler/router/router.go","line":22},"msg":"Create user endpoint registered"}
{"time":"2025-04-12T21:06:22.527371+03:00","level":"INFO","source":{"function":"pvz/internal/server.Run.func1","file":"/Users/ingemari/Downloads/pvz/internal/server/server.go","line":22},"msg":"Starting server","port":"8080"}
{"time":"2025-04-12T21:06:25.417747+03:00","level":"ERROR","source":{"function":"pvz/internal/repository.(*UserRepository).CreateUser","file":"/Users/ingemari/Downloads/pvz/internal/repository/user.go","line":32},"msg":"Failed to create user on storage layer","err":"ERROR: new row for relation \"users\" violates check constraint \"users_role_check\" (SQLSTATE 23514)"}
{"time":"2025-04-12T21:14:11.082469+03:00","level":"INFO","source":{"function":"pvz/internal/server.Run","file":"/Users/ingemari/Downloads/pvz/internal/server/server.go","line":33},"msg":"Received shutdown signal","signal":2}
{"time":"2025-04-12T21:14:11.082594+03:00","level":"INFO","source":{"function":"pvz/internal/server.Run","file":"/Users/ingemari/Downloads/pvz/internal/server/server.go","line":38},"msg":"Shutting down server..."}
{"time":"2025-04-12T21:14:11.082722+03:00","level":"INFO","source":{"function":"pvz/internal/server.Run","file":"/Users/ingemari/Downloads/pvz/internal/server/server.go","line":48},"msg":"Server exited gracefully"}
{"time":"2025-04-12T21:43:25.22179+03:00","level":"INFO","source":{"function":"pvz/internal/config.LoadConfig","file":"/Users/ingemari/Downloads/pvz/internal/config/config.go","line":25},"msg":"Loaded .env file"}
{"time":"2025-04-12T21:43:25.222522+03:00","level":"INFO","source":{"function":"main.main","file":"/Users/ingemari/Downloads/pvz/cmd/main.go","line":18},"msg":"Configuration loaded","config":{"ServerPort":"8080","DBPort":"5432","DBUser":"postgres","DBName":"postgres","DBPassword":"postgres","DBHost":"localhost"}}
{"time":"2025-04-12T21:43:25.231358+03:00","level":"INFO","source":{"function":"pvz/internal/db.InitDB","file":"/Users/ingemari/Downloads/pvz/internal/db/db.go","line":25},"msg":"Successfully connected to the database!"}
{"time":"2025-04-12T21:43:25.231404+03:00","level":"INFO","source":{"function":"main.main","file":"/Users/ingemari/Downloads/pvz/cmd/main.go","line":22},"msg":"Database connection established"}
{"time":"2025-04-12T21:43:25.23147+03:00","level":"INFO","source":{"function":"pvz/internal/handler/router.SetupRouter","file":"/Users/ingemari/Downloads/pvz/internal/handler/router/router.go","line":23},"msg":"Create user endpoint registered"}
{"time":"2025-04-12T21:43:25.231513+03:00","level":"INFO","source":{"function":"pvz/internal/server.Run.func1","file":"/Users/ingemari/Downloads/pvz/internal/server/server.go","line":22},"msg":"Starting server","port":"8080"}
{"time":"2025-04-12T21:47:48.883992+03:00","level":"INFO","source":{"function":"pvz/internal/server.Run","file":"/Users/ingemari/Downloads/pvz/internal/server/server.go","line":33},"msg":"Received shutdown signal","signal":2}
{"time":"2025-04-12T21:47:48.884224+03:00","level":"INFO","source":{"function":"pvz/internal/server.Run","file":"/Users/ingemari/Downloads/pvz/internal/server/server.go","line":38},"msg":"Shutting down server..."}
{"time":"2025-04-12T21:47:48.884407+03:00","level":"INFO","source":{"function":"pvz/internal/server.Run","file":"/Users/ingemari/Downloads/pvz/internal/server/server.go","line":48},"msg":"Server exited gracefully"}
{"time":"2025-04-12T22:25:47.42175+03:00","level":"INFO","source":{"function":"pvz/internal/config.LoadConfig","file":"/Users/ingemari/Downloads/pvz/internal/config/config.go","line":25},"msg":"Loaded .env file"}
{"time":"2025-04-12T22:25:47.42251+03:00","level":"INFO","source":{"function":"main.main","file":"/Users/ingemari/Downloads/pvz/cmd/main.go","line":18},"msg":"Configuration loaded","config":{"ServerPort":"8080","DBPort":"5432","DBUser":"postgres","DBName":"postgres","DBPassword":"postgres","DBHost":"localhost"}}
{"time":"2025-04-12T22:25:47.434104+03:00","level":"INFO","source":{"function":"pvz/internal/db.InitDB","file":"/Users/ingemari/Downloads/pvz/internal/db/db.go","line":25},"msg":"Successfully connected to the database!"}
{"time":"2025-04-12T22:25:47.434149+03:00","level":"INFO","source":{"function":"main.main","file":"/Users/ingemari/Downloads/pvz/cmd/main.go","line":22},"msg":"Database connection established"}
{"time":"2025-04-12T22:25:47.434218+03:00","level":"INFO","source":{"function":"pvz/internal/handler/router.SetupRouter","file":"/Users/ingemari/Downloads/pvz/internal/handler/router/router.go","line":25},"msg":"Create user endpoint registered"}
{"time":"2025-04-12T22:25:47.434262+03:00","level":"INFO","source":{"function":"pvz/internal/server.Run.func1","file":"/Users/ingemari/Downloads/pvz/internal/server/server.go","line":22},"msg":"Starting server","port":"8080"}
{"time":"2025-04-12T22:26:02.539969+03:00","level":"ERROR","source":{"function":"pvz/internal/handler.(*AuthHandler).HandleDummy","file":"/Users/ingemari/Downloads/pvz/internal/handler/user.go","line":39},"msg":"Fail role validations"}
{"time":"2025-04-12T22:26:03.982478+03:00","level":"ERROR","source":{"function":"pvz/internal/handler.(*AuthHandler).HandleDummy","file":"/Users/ingemari/Downloads/pvz/internal/handler/user.go","line":39},"msg":"Fail role validations"}
{"time":"2025-04-12T22:39:38.673579+03:00","level":"INFO","source":{"function":"pvz/internal/server.Run","file":"/Users/ingemari/Downloads/pvz/internal/server/server.go","line":33},"msg":"Received shutdown signal","signal":2}
{"time":"2025-04-12T22:39:38.67389+03:00","level":"INFO","source":{"function":"pvz/internal/server.Run","file":"/Users/ingemari/Downloads/pvz/internal/server/server.go","line":38},"msg":"Shutting down server..."}
{"time":"2025-04-12T22:39:38.67405+03:00","level":"INFO","source":{"function":"pvz/internal/server.Run","file":"/Users/ingemari/Downloads/pvz/internal/server/server.go","line":48},"msg":"Server exited gracefully"}
{"time":"2025-04-12T23:14:18.581149+03:00","level":"INFO","source":{"function":"pvz/internal/config.LoadConfig","file":"/Users/ingemari/Downloads/pvz/internal/config/config.go","line":25},"msg":"Loaded .env file"}
{"time":"2025-04-12T23:14:18.581647+03:00","level":"INFO","source":{"function":"main.main","file":"/Users/ingemari/Downloads/pvz/cmd/main.go","line":18},"msg":"Configuration loaded","config":{"ServerPort":"8080","DBPort":"5432","DBUser":"postgres","DBName":"postgres","DBPassword":"postgres","DBHost":"localhost"}}
{"time":"2025-04-12T23:14:18.591178+03:00","level":"INFO","source":{"function":"pvz/internal/db.InitDB","file":"/Users/ingemari/Downloads/pvz/internal/db/db.go","line":25},"msg":"Successfully connected to the database!"}
{"time":"2025-04-12T23:14:18.591235+03:00","level":"INFO","source":{"function":"main.main","file":"/Users/ingemari/Downloads/pvz/cmd/main.go","line":22},"msg":"Database connection established"}
{"time":"2025-04-12T23:14:18.591295+03:00","level":"INFO","source":{"function":"pvz/internal/handler/router.SetupRouter","file":"/Users/ingemari/Downloads/pvz/internal/handler/router/router.go","line":24},"msg":"Create user endpoint registered"}
{"time":"2025-04-12T23:14:18.591333+03:00","level":"INFO","source":{"function":"pvz/internal/server.Run.func1","file":"/Users/ingemari/Downloads/pvz/internal/server/server.go","line":22},"msg":"Starting server","port":"8080"}
{"time":"2025-04-12T23:16:14.411334+03:00","level":"ERROR","source":{"function":"pvz/internal/repository.(*UserRepository).CheckUser","file":"/Users/ingemari/Downloads/pvz/internal/repository/user.go","line":48},"msg":"Unknown user or failed","err":"no rows in result set"}
{"time":"2025-04-12T23:16:20.203058+03:00","level":"ERROR","source":{"function":"pvz/internal/repository.(*UserRepository).CheckUser","file":"/Users/ingemari/Downloads/pvz/internal/repository/user.go","line":48},"msg":"Unknown user or failed","err":"no rows in result set"}
{"time":"2025-04-12T23:17:23.562109+03:00","level":"ERROR","source":{"function":"pvz/internal/repository.(*UserRepository).CheckUser","file":"/Users/ingemari/Downloads/pvz/internal/repository/user.go","line":48},"msg":"Unknown user or failed","err":"no rows in result set"}
{"time":"2025-04-12T23:17:27.680065+03:00","level":"ERROR","source":{"function":"pvz/internal/repository.(*UserRepository).CheckUser","file":"/Users/ingemari/Downloads/pvz/internal/repository/user.go","line":48},"msg":"Unknown user or failed","err":"no rows in result set"}
{"time":"2025-04-12T23:33:17.025118+03:00","level":"ERROR","source":{"function":"pvz/internal/repository.(*UserRepository).CheckUser","file":"/Users/ingemari/Downloads/pvz/internal/repository/user.go","line":48},"msg":"Unknown user or failed","err":"no rows in result set"}
{"time":"2025-04-12T23:33:17.787843+03:00","level":"ERROR","source":{"function":"pvz/internal/repository.(*UserRepository).CheckUser","file":"/Users/ingemari/Downloads/pvz/internal/repository/user.go","line":48},"msg":"Unknown user or failed","err":"no rows in result set"}
{"time":"2025-04-12T23:33:18.495635+03:00","level":"ERROR","source":{"function":"pvz/internal/repository.(*UserRepository).CheckUser","file":"/Users/ingemari/Downloads/pvz/internal/repository/user.go","line":48},"msg":"Unknown user or failed","err":"no rows in result set"}
{"time":"2025-04-12T23:33:19.284626+03:00","level":"ERROR","source":{"function":"pvz/internal/repository.(*UserRepository).CheckUser","file":"/Users/ingemari/Downloads/pvz/internal/repository/user.go","line":48},"msg":"Unknown user or failed","err":"no rows in result set"}
{"time":"2025-04-12T23:33:51.967383+03:00","level":"ERROR","source":{"function":"pvz/internal/repository.(*UserRepository).CheckUser","file":"/Users/ingemari/Downloads/pvz/internal/repository/user.go","line":48},"msg":"Unknown user or failed","err":"no rows in result set"}
{"time":"2025-04-12T23:34:53.833906+03:00","level":"ERROR","source":{"function":"pvz/internal/repository.(*UserRepository).CreateUser","file":"/Users/ingemari/Downloads/pvz/internal/repository/user.go","line":32},"msg":"Failed to create user on storage layer","err":"ERROR: duplicate key value violates unique constraint \"users_email_key\" (SQLSTATE 23505)"}
{"time":"2025-04-12T23:35:37.510738+03:00","level":"INFO","source":{"function":"pvz/internal/server.Run","file":"/Users/ingemari/Downloads/pvz/internal/server/server.go","line":33},"msg":"Received shutdown signal","signal":2}
{"time":"2025-04-12T23:35:37.510842+03:00","level":"INFO","source":{"function":"pvz/internal/server.Run","file":"/Users/ingemari/Downloads/pvz/internal/server/server.go","line":38},"msg":"Shutting down server..."}
{"time":"2025-04-12T23:35:37.510982+03:00","level":"INFO","source":{"function":"pvz/internal/server.Run","file":"/Users/ingemari/Downloads/pvz/internal/server/server.go","line":48},"msg":"Server exited gracefully"}
{"time":"2025-04-12T23:35:39.859328+03:00","level":"INFO","source":{"function":"pvz/internal/config.LoadConfig","file":"/Users/ingemari/Downloads/pvz/internal/config/config.go","line":25},"msg":"Loaded .env file"}
{"time":"2025-04-12T23:35:39.85992+03:00","level":"INFO","source":{"function":"main.main","file":"/Users/ingemari/Downloads/pvz/cmd/main.go","line":18},"msg":"Configuration loaded","config":{"ServerPort":"8080","DBPort":"5432","DBUser":"postgres","DBName":"postgres","DBPassword":"postgres","DBHost":"localhost"}}
{"time":"2025-04-12T23:35:39.868812+03:00","level":"INFO","source":{"function":"pvz/internal/db.InitDB","file":"/Users/ingemari/Downloads/pvz/internal/db/db.go","line":25},"msg":"Successfully connected to the database!"}
{"time":"2025-04-12T23:35:39.868864+03:00","level":"INFO","source":{"function":"main.main","file":"/Users/ingemari/Downloads/pvz/cmd/main.go","line":22},"msg":"Database connection established"}
{"time":"2025-04-12T23:35:39.868925+03:00","level":"INFO","source":{"function":"pvz/internal/handler/router.SetupRouter","file":"/Users/ingemari/Downloads/pvz/internal/handler/router/router.go","line":24},"msg":"Create user endpoint registered"}
{"time":"2025-04-12T23:35:39.868971+03:00","level":"INFO","source":{"function":"pvz/internal/server.Run.func1","file":"/Users/ingemari/Downloads/pvz/internal/server/server.go","line":22},"msg":"Starting server","port":"8080"}
{"time":"2025-04-12T23:35:42.68001+03:00","level":"ERROR","source":{"function":"pvz/internal/repository.(*UserRepository).CheckUser","file":"/Users/ingemari/Downloads/pvz/internal/repository/user.go","line":48},"msg":"Unknown user or failed","err":"no rows in result set"}
{"time":"2025-04-12T23:35:43.564907+03:00","level":"ERROR","source":{"function":"pvz/internal/repository.(*UserRepository).CheckUser","file":"/Users/ingemari/Downloads/pvz/internal/repository/user.go","line":48},"msg":"Unknown user or failed","err":"no rows in result set"}
{"time":"2025-04-12T23:35:46.515877+03:00","level":"ERROR","source":{"function":"pvz/internal/repository.(*UserRepository).CreateUser","file":"/Users/ingemari/Downloads/pvz/internal/repository/user.go","line":32},"msg":"Failed to create user on storage layer","err":"ERROR: duplicate key value violates unique constraint \"users_email_key\" (SQLSTATE 23505)"}
{"time":"2025-04-12T23:35:48.243672+03:00","level":"ERROR","source":{"function":"pvz/internal/repository.(*UserRepository).CheckUser","file":"/Users/ingemari/Downloads/pvz/internal/repository/user.go","line":48},"msg":"Unknown user or failed","err":"no rows in result set"}
{"time":"2025-04-12T23:36:39.52706+03:00","level":"INFO","source":{"function":"pvz/internal/server.Run","file":"/Users/ingemari/Downloads/pvz/internal/server/server.go","line":33},"msg":"Received shutdown signal","signal":2}
{"time":"2025-04-12T23:36:39.527123+03:00","level":"INFO","source":{"function":"pvz/internal/server.Run","file":"/Users/ingemari/Downloads/pvz/internal/server/server.go","line":38},"msg":"Shutting down server..."}
{"time":"2025-04-12T23:36:39.527221+03:00","level":"INFO","source":{"function":"pvz/internal/server.Run","file":"/Users/ingemari/Downloads/pvz/internal/server/server.go","line":48},"msg":"Server exited gracefully"}
{"time":"2025-04-12T23:36:41.155222+03:00","level":"INFO","source":{"function":"pvz/internal/config.LoadConfig","file":"/Users/ingemari/Downloads/pvz/internal/config/config.go","line":25},"msg":"Loaded .env file"}
{"time":"2025-04-12T23:36:41.155702+03:00","level":"INFO","source":{"function":"main.main","file":"/Users/ingemari/Downloads/pvz/cmd/main.go","line":18},"msg":"Configuration loaded","config":{"ServerPort":"8080","DBPort":"5432","DBUser":"postgres","DBName":"postgres","DBPassword":"postgres","DBHost":"localhost"}}
{"time":"2025-04-12T23:36:41.16769+03:00","level":"INFO","source":{"function":"pvz/internal/db.InitDB","file":"/Users/ingemari/Downloads/pvz/internal/db/db.go","line":25},"msg":"Successfully connected to the database!"}
{"time":"2025-04-12T23:36:41.167749+03:00","level":"INFO","source":{"function":"main.main","file":"/Users/ingemari/Downloads/pvz/cmd/main.go","line":22},"msg":"Database connection established"}
{"time":"2025-04-12T23:36:41.167819+03:00","level":"INFO","source":{"function":"pvz/internal/handler/router.SetupRouter","file":"/Users/ingemari/Downloads/pvz/internal/handler/router/router.go","line":24},"msg":"Create user endpoint registered"}
{"time":"2025-04-12T23:36:41.167866+03:00","level":"INFO","source":{"function":"pvz/internal/server.Run.func1","file":"/Users/ingemari/Downloads/pvz/internal/server/server.go","line":22},"msg":"Starting server","port":"8080"}
{"time":"2025-04-12T23:36:42.952443+03:00","level":"ERROR","source":{"function":"pvz/internal/repository.(*UserRepository).CheckUser","file":"/Users/ingemari/Downloads/pvz/internal/repository/user.go","line":49},"msg":"Unknown user or failed","err":"no rows in result set"}
{"time":"2025-04-12T23:36:43.769889+03:00","level":"ERROR","source":{"function":"pvz/internal/repository.(*UserRepository).CheckUser","file":"/Users/ingemari/Downloads/pvz/internal/repository/user.go","line":49},"msg":"Unknown user or failed","err":"no rows in result set"}
{"time":"2025-04-12T23:44:10.757124+03:00","level":"INFO","source":{"function":"pvz/internal/server.Run","file":"/Users/ingemari/Downloads/pvz/internal/server/server.go","line":33},"msg":"Received shutdown signal","signal":2}
{"time":"2025-04-12T23:44:10.757234+03:00","level":"INFO","source":{"function":"pvz/internal/server.Run","file":"/Users/ingemari/Downloads/pvz/internal/server/server.go","line":38},"msg":"Shutting down server..."}
{"time":"2025-04-12T23:44:10.757408+03:00","level":"INFO","source":{"function":"pvz/internal/server.Run","file":"/Users/ingemari/Downloads/pvz/internal/server/server.go","line":48},"msg":"Server exited gracefully"}
{"time":"2025-04-12T23:44:12.866416+03:00","level":"INFO","source":{"function":"pvz/internal/config.LoadConfig","file":"/Users/ingemari/Downloads/pvz/internal/config/config.go","line":25},"msg":"Loaded .env file"}
{"time":"2025-04-12T23:44:12.867428+03:00","level":"INFO","source":{"function":"main.main","file":"/Users/ingemari/Downloads/pvz/cmd/main.go","line":18},"msg":"Configuration loaded","config":{"ServerPort":"8080","DBPort":"5432","DBUser":"postgres","DBName":"postgres","DBPassword":"postgres","DBHost":"localhost"}}
{"time":"2025-04-12T23:44:12.877726+03:00","level":"INFO","source":{"function":"pvz/internal/db.InitDB","file":"/Users/ingemari/Downloads/pvz/internal/db/db.go","line":25},"msg":"Successfully connected to the database!"}
{"time":"2025-04-12T23:44:12.877778+03:00","level":"INFO","source":{"function":"main.main","file":"/Users/ingemari/Downloads/pvz/cmd/main.go","line":22},"msg":"Database connection established"}
{"time":"2025-04-12T23:44:12.877843+03:00","level":"INFO","source":{"function":"pvz/internal/handler/router.SetupRouter","file":"/Users/ingemari/Downloads/pvz/internal/handler/router/router.go","line":24},"msg":"Create user endpoint registered"}
{"time":"2025-04-12T23:44:12.877913+03:00","level":"INFO","source":{"function":"pvz/internal/server.Run.func1","file":"/Users/ingemari/Downloads/pvz/internal/server/server.go","line":22},"msg":"Starting server","port":"8080"}
{"time":"2025-04-12T23:44:23.116084+03:00","level":"ERROR","source":{"function":"pvz/internal/repository.(*UserRepository).CreateUser","file":"/Users/ingemari/Downloads/pvz/internal/repository/user.go","line":33},"msg":"Failed to create user on storage layer","err":"ERROR: duplicate key value violates unique constraint \"users_email_key\" (SQLSTATE 23505)"}
{"time":"2025-04-12T23:49:01.291997+03:00","level":"INFO","source":{"function":"pvz/internal/server.Run","file":"/Users/ingemari/Downloads/pvz/internal/server/server.go","line":33},"msg":"Received shutdown signal","signal":2}
{"time":"2025-04-12T23:49:01.292123+03:00","level":"INFO","source":{"function":"pvz/internal/server.Run","file":"/Users/ingemari/Downloads/pvz/internal/server/server.go","line":38},"msg":"Shutting down server..."}
{"time":"2025-04-12T23:49:01.292227+03:00","level":"INFO","source":{"function":"pvz/internal/server.Run","file":"/Users/ingemari/Downloads/pvz/internal/server/server.go","line":48},"msg":"Server exited gracefully"}
{"time":"2025-04-12T23:49:03.509279+03:00","level":"INFO","source":{"function":"pvz/internal/config.LoadConfig","file":"/Users/ingemari/Downloads/pvz/internal/config/config.go","line":25},"msg":"Loaded .env file"}
{"time":"2025-04-12T23:49:03.509821+03:00","level":"INFO","source":{"function":"main.main","file":"/Users/ingemari/Downloads/pvz/cmd/main.go","line":18},"msg":"Configuration loaded","config":{"ServerPort":"8080","DBPort":"5432","DBUser":"postgres","DBName":"postgres","DBPassword":"postgres","DBHost":"localhost"}}
{"time":"2025-04-12T23:49:03.52257+03:00","level":"INFO","source":{"function":"pvz/internal/db.InitDB","file":"/Users/ingemari/Downloads/pvz/internal/db/db.go","line":25},"msg":"Successfully connected to the database!"}
{"time":"2025-04-12T23:49:03.522651+03:00","level":"INFO","source":{"function":"main.main","file":"/Users/ingemari/Downloads/pvz/cmd/main.go","line":22},"msg":"Database connection established"}
{"time":"2025-04-12T23:49:03.522736+03:00","level":"INFO","source":{"function":"pvz/internal/handler/router.SetupRouter","file":"/Users/ingemari/Downloads/pvz/internal/handler/router/router.go","line":24},"msg":"Create user endpoint registered"}
{"time":"2025-04-12T23:49:03.522795+03:00","level":"INFO","source":{"function":"pvz/internal/server.Run.func1","file":"/Users/ingemari/Downloads/pvz/internal/server/server.go","line":22},"msg":"Starting server","port":"8080"}
{"time":"2025-04-12T23:49:36.957607+03:00","level":"INFO","source":{"function":"pvz/internal/server.Run","file":"/Users/ingemari/Downloads/pvz/internal/server/server.go","line":33},"msg":"Received shutdown signal","signal":2}
{"time":"2025-04-12T23:49:36.957698+03:00","level":"INFO","source":{"function":"pvz/internal/server.Run","file":"/Users/ingemari/Downloads/pvz/internal/server/server.go","line":38},"msg":"Shutting down server..."}
{"time":"2025-04-12T23:49:36.957821+03:00","level":"INFO","source":{"function":"pvz/internal/server.Run","file":"/Users/ingemari/Downloads/pvz/internal/server/server.go","line":48},"msg":"Server exited gracefully"}
{"time":"2025-04-12T23:49:38.502172+03:00","level":"INFO","source":{"function":"pvz/internal/config.LoadConfig","file":"/Users/ingemari/Downloads/pvz/internal/config/config.go","line":25},"msg":"Loaded .env file"}
{"time":"2025-04-12T23:49:38.503146+03:00","level":"INFO","source":{"function":"main.main","file":"/Users/ingemari/Downloads/pvz/cmd/main.go","line":18},"msg":"Configuration loaded","config":{"ServerPort":"8080","DBPort":"5432","DBUser":"postgres","DBName":"postgres","DBPassword":"postgres","DBHost":"localhost"}}
{"time":"2025-04-12T23:49:38.514052+03:00","level":"INFO","source":{"function":"pvz/internal/db.InitDB","file":"/Users/ingemari/Downloads/pvz/internal/db/db.go","line":25},"msg":"Successfully connected to the database!"}
{"time":"2025-04-12T23:49:38.514107+03:00","level":"INFO","source":{"function":"main.main","file":"/Users/ingemari/Downloads/pvz/cmd/main.go","line":22},"msg":"Database connection established"}
{"time":"2025-04-12T23:49:38.514189+03:00","level":"INFO","source":{"function":"pvz/internal/handler/router.SetupRouter","file":"/Users/ingemari/Downloads/pvz/internal/handler/router/router.go","line":24},"msg":"Create user endpoint registered"}
{"time":"2025-04-12T23:49:38.514284+03:00","level":"INFO","source":{"function":"pvz/internal/server.Run.func1","file":"/Users/ingemari/Downloads/pvz/internal/server/server.go","line":22},"msg":"Starting server","port":"8080"}
{"time":"2025-04-12T23:50:10.15871+03:00","level":"INFO","source":{"function":"pvz/internal/server.Run","file":"/Users/ingemari/Downloads/pvz/internal/server/server.go","line":33},"msg":"Received shutdown signal","signal":2}
{"time":"2025-04-12T23:50:10.158815+03:00","level":"INFO","source":{"function":"pvz/internal/server.Run","file":"/Users/ingemari/Downloads/pvz/internal/server/server.go","line":38},"msg":"Shutting down server..."}
{"time":"2025-04-12T23:50:10.158937+03:00","level":"INFO","source":{"function":"pvz/internal/server.Run","file":"/Users/ingemari/Downloads/pvz/internal/server/server.go","line":48},"msg":"Server exited gracefully"}
{"time":"2025-04-12T23:50:11.698286+03:00","level":"INFO","source":{"function":"pvz/internal/config.LoadConfig","file":"/Users/ingemari/Downloads/pvz/internal/config/config.go","line":25},"msg":"Loaded .env file"}
{"time":"2025-04-12T23:50:11.699088+03:00","level":"INFO","source":{"function":"main.main","file":"/Users/ingemari/Downloads/pvz/cmd/main.go","line":18},"msg":"Configuration loaded","config":{"ServerPort":"8080","DBPort":"5432","DBUser":"postgres","DBName":"postgres","DBPassword":"postgres","DBHost":"localhost"}}
{"time":"2025-04-12T23:50:11.708622+03:00","level":"INFO","source":{"function":"pvz/internal/db.InitDB","file":"/Users/ingemari/Downloads/pvz/internal/db/db.go","line":25},"msg":"Successfully connected to the database!"}
{"time":"2025-04-12T23:50:11.708677+03:00","level":"INFO","source":{"function":"main.main","file":"/Users/ingemari/Downloads/pvz/cmd/main.go","line":22},"msg":"Database connection established"}
{"time":"2025-04-12T23:50:11.708741+03:00","level":"INFO","source":{"function":"pvz/internal/handler/router.SetupRouter","file":"/Users/ingemari/Downloads/pvz/internal/handler/router/router.go","line":24},"msg":"Create user endpoint registered"}
{"time":"2025-04-12T23:50:11.708806+03:00","level":"INFO","source":{"function":"pvz/internal/server.Run.func1","file":"/Users/ingemari/Downloads/pvz/internal/server/server.go","line":22},"msg":"Starting server","port":"8080"}
{"time":"2025-04-12T23:50:47.063896+03:00","level":"INFO","source":{"function":"pvz/internal/server.Run","file":"/Users/ingemari/Downloads/pvz/internal/server/server.go","line":33},"msg":"Received shutdown signal","signal":2}
{"time":"2025-04-12T23:50:47.063965+03:00","level":"INFO","source":{"function":"pvz/internal/server.Run","file":"/Users/ingemari/Downloads/pvz/internal/server/server.go","line":38},"msg":"Shutting down server..."}
{"time":"2025-04-12T23:50:47.06409+03:00","level":"INFO","source":{"function":"pvz/internal/server.Run","file":"/Users/ingemari/Downloads/pvz/internal/server/server.go","line":48},"msg":"Server exited gracefully"}
{"time":"2025-04-12T23:50:48.700761+03:00","level":"INFO","source":{"function":"pvz/internal/config.LoadConfig","file":"/Users/ingemari/Downloads/pvz/internal/config/config.go","line":25},"msg":"Loaded .env file"}
{"time":"2025-04-12T23:50:48.701307+03:00","level":"INFO","source":{"function":"main.main","file":"/Users/ingemari/Downloads/pvz/cmd/main.go","line":18},"msg":"Configuration loaded","config":{"ServerPort":"8080","DBPort":"5432","DBUser":"postgres","DBName":"postgres","DBPassword":"postgres","DBHost":"localhost"}}
{"time":"2025-04-12T23:50:48.713518+03:00","level":"INFO","source":{"function":"pvz/internal/db.InitDB","file":"/Users/ingemari/Downloads/pvz/internal/db/db.go","line":25},"msg":"Successfully connected to the database!"}
{"time":"2025-04-12T23:50:48.713577+03:00","level":"INFO","source":{"function":"main.main","file":"/Users/ingemari/Downloads/pvz/cmd/main.go","line":22},"msg":"Database connection established"}
{"time":"2025-04-12T23:50:48.713695+03:00","level":"INFO","source":{"function":"pvz/internal/handler/router.SetupRouter","file":"/Users/ingemari/Downloads/pvz/internal/handler/router/router.go","line":24},"msg":"Create user endpoint registered"}
{"time":"2025-04-12T23:50:48.713777+03:00","level":"INFO","source":{"function":"pvz/internal/server.Run.func1","file":"/Users/ingemari/Downloads/pvz/internal/server/server.go","line":22},"msg":"Starting server","port":"8080"}
{"time":"2025-04-12T23:51:13.0886+03:00","level":"INFO","source":{"function":"pvz/internal/server.Run","file":"/Users/ingemari/Downloads/pvz/internal/server/server.go","line":33},"msg":"Received shutdown signal","signal":2}
{"time":"2025-04-12T23:51:13.088711+03:00","level":"INFO","source":{"function":"pvz/internal/server.Run","file":"/Users/ingemari/Downloads/pvz/internal/server/server.go","line":38},"msg":"Shutting down server..."}
{"time":"2025-04-12T23:51:13.088839+03:00","level":"INFO","source":{"function":"pvz/internal/server.Run","file":"/Users/ingemari/Downloads/pvz/internal/server/server.go","line":48},"msg":"Server exited gracefully"}
